1 [2022.01.19 14:17:58.459950] [information] Starting master (pid = 12856)
2 [2022.01.19 14:17:58.461945] [information] Global locale: en_US
3 [2022.01.19 14:17:58.461945] [information] Global encoding: windows-1252
4 [2022.01.19 14:17:58.461945] [information] terminal encoding: IBM437
18 [2022.01.19 14:17:58.664132] [information] [SERVICE:FLEXlm Client] license unavailable
19 [2022.01.19 14:17:58.664132] [information] [SERVICE:FLEXlm Client] temporarily disabling request processing
20 [2022.01.19 14:17:58.664132] [information] [SERVICE:FLEXlm Client] reset current license type to be invalid
34 [2022.01.19 14:17:58.821172] [information] [SERVICE:FLEXlm Client] current license type: "UNKNOWN"
35 [2022.01.19 14:17:58.821172] [information] [SERVICE:FLEXlm Client] current license number: "For EveryOne"
39 [2022.01.19 14:17:58.821172] [information] [SERVICE:FLEXlm Client] license checked out successfully
46 [2022.01.19 14:17:59.840246] [information] [SERVICE:auto-deploy] Added 'Functions' ('G:\Programming Live\Learning\Lectures\Level 4\Image Process\Image Process Project\prod_server_1\auto_deploy\Functions.ctf' -> 'G:\Programming Live\Learning\Lectures\Level 4\Image Process\Image Process Project\prod_server_1\.mps_deployed\Functions_2')
53 [2022.01.19 14:17:59.840246] [information] [SERVICE:FLEXlm Client] connection to license server recovered
55 [2022.01.19 14:17:59.840246] [information] [SERVICE:FLEXlm Client] enable request processing
65 [2022.01.19 14:17:59.855866] [information] [SERVICE:http] [endpoint:[::]:9910] Listening for connections
66 [2022.01.19 14:18:00.036399] [out] [worker:1] Worker ready - protocol v2
70 [2022.01.19 14:18:00.036399] [information] [SERVICE:worker] Worker 1 started
75 [2022.01.19 14:18:00.036399] [information] Master started
113 [2022.01.19 14:57:58.871896] [information] [SERVICE:FLEXlm Client] heartbeat recovered
152 [2022.01.19 15:01:54.155355] [information] [SERVICE:worker] Waiting for worker 1 to finish pending activity
153 [2022.01.19 15:01:54.155355] [information] [SERVICE:worker] Starting graceful shutdown of worker 1
154 [2022.01.19 15:01:54.155355] [information] [SERVICE:worker] Shutdown request was successfully sent to worker 1; waiting for process to exit...
158 [2022.01.19 15:01:55.390997] [information] [SERVICE:worker] Worker 1 exited with code 0
160 [2022.01.19 15:01:55.391955] [information] [SERVICE:worker] Worker 1 successfully stopped.
170 [2022.01.19 15:01:55.391955] [information] [SERVICE:FLEXlm Client] customer shutdown
174 [2022.01.19 15:01:55.391955] [information] [SERVICE:FLEXlm Client] license unavailable
175 [2022.01.19 15:01:55.391955] [information] [SERVICE:FLEXlm Client] temporarily disabling request processing
176 [2022.01.19 15:01:55.391955] [information] [SERVICE:FLEXlm Client] reset current license type to be invalid
186 [2022.01.19 15:01:55.392953] [information] [SERVICE:FLEXlm Client] licensing shutdown successfully
189 [2022.01.19 15:01:55.392953] [error] [SERVICE:FLEXlm Client] Stop License Manager
192 [2022.01.19 15:01:55.392953] [information] Master stopped
