1 [2021.12.23 12:31:54.402339] [information] Starting master (pid = 5488)
2 [2021.12.23 12:31:54.402339] [information] Global locale: en_US
3 [2021.12.23 12:31:54.402339] [information] Global encoding: windows-1252
4 [2021.12.23 12:31:54.402339] [information] terminal encoding: IBM437
18 [2021.12.23 12:31:55.209605] [information] [SERVICE:FLEXlm Client] license unavailable
19 [2021.12.23 12:31:55.209605] [information] [SERVICE:FLEXlm Client] temporarily disabling request processing
20 [2021.12.23 12:31:55.209605] [information] [SERVICE:FLEXlm Client] reset current license type to be invalid
34 [2021.12.23 12:31:55.397961] [information] [SERVICE:FLEXlm Client] current license type: "UNKNOWN"
35 [2021.12.23 12:31:55.397961] [information] [SERVICE:FLEXlm Client] current license number: "For EveryOne"
39 [2021.12.23 12:31:55.397961] [information] [SERVICE:FLEXlm Client] license checked out successfully
46 [2021.12.23 12:31:56.855892] [information] [SERVICE:auto-deploy] Added 'BondTools' ('G:\Programming Live\Learning\Lectures\Level 4\Image Process\Lab assginment\BondTools\for_redistribution\prod_server_1\auto_deploy\BondTools.ctf' -> 'G:\Programming Live\Learning\Lectures\Level 4\Image Process\Lab assginment\BondTools\for_redistribution\prod_server_1\.mps_deployed\BondTools_2')
49 [2021.12.23 12:31:57.122675] [information] [SERVICE:auto-deploy] Added 'addTwoNum' ('G:\Programming Live\Learning\Lectures\Level 4\Image Process\Lab assginment\BondTools\for_redistribution\prod_server_1\auto_deploy\addTwoNum.ctf' -> 'G:\Programming Live\Learning\Lectures\Level 4\Image Process\Lab assginment\BondTools\for_redistribution\prod_server_1\.mps_deployed\addTwoNum_3')
56 [2021.12.23 12:31:57.138296] [information] [SERVICE:FLEXlm Client] connection to license server recovered
58 [2021.12.23 12:31:57.138296] [information] [SERVICE:FLEXlm Client] enable request processing
68 [2021.12.23 12:31:57.201191] [information] [SERVICE:http] [endpoint:[::]:9910] Listening for connections
71 [2021.12.23 12:31:58.335738] [out] [worker:1] Worker ready - protocol v2
73 [2021.12.23 12:31:58.335738] [information] [SERVICE:worker] Worker 1 started
78 [2021.12.23 12:31:58.335738] [information] Master started
94 [2021.12.23 12:33:18.007520] [error] [connection_id:2] [service:http-connection] do not continue
96 [2021.12.23 12:34:00.228187] [error] [connection_id:2] [service:http-connection] do not continue
98 [2021.12.23 12:34:25.361348] [error] [connection_id:2] [service:http-connection] do not continue
100 [2021.12.23 12:34:26.742873] [error] [connection_id:2] [service:http-connection] do not continue
101 [2021.12.23 12:34:27.356240] [information] [SERVICE:auto-deploy] Removed 'BondTools'
103 [2021.12.23 12:35:15.011455] [error] [connection_id:2] [service:http-connection] do not continue
105 [2021.12.23 12:35:22.205712] [error] [connection_id:2] [service:http-connection] do not continue
107 [2021.12.23 12:35:25.517014] [error] [connection_id:2] [service:http-connection] do not continue
109 [2021.12.23 12:35:26.438365] [error] [connection_id:2] [service:http-connection] do not continue
111 [2021.12.23 12:35:52.903809] [error] [connection_id:2] [service:http-connection] do not continue
113 [2021.12.23 12:37:24.029633] [error] [connection_id:2] [service:http-connection] do not continue
115 [2021.12.23 12:39:25.425640] [error] [connection_id:2] [service:http-connection] do not continue
119 [2021.12.23 12:44:21.170675] [err] [worker:1] Parse failed:[google::protobuf] ERROR: Can't parse message of type "mds.plugins.protobuf.MATLAB_Params" because it is missing required fields: nargout (file: ..\src\google\protobuf\message_lite.cc:123)
120 [2021.12.23 12:44:21.170675] [err] [worker:1] 
121 [2021.12.23 12:44:21.176826] [err] [worker:1] worker=1, work_id=16777227, content_type=application/x-google-protobuf, work_type=add
122 [2021.12.23 12:44:21.178821] [err] [worker:1] Main: Error while processing async requests: 
123 [2021.12.23 12:44:21.179814] [err] [worker:1] b:\matlab\deployment_server\plugins\protobuf\export\include\mds\plugins\protobuf\fevalserializerimpl_ipp.hpp(101): Throw in function void __cdecl mds::plugins::protobuf::`anonymous-namespace'::parse_input_stream<class mds::plugins::protobuf::MATLAB_Params>(class std::basic_ostream<char,struct std::char_traits<char> > &,class mds::util::protobuf::io::InterruptibleInputStream &,class mds::plugins::protobuf::MATLAB_Params &)
124 [2021.12.23 12:44:21.179814] [err] [worker:1] Dynamic exception type: class boost::exception_detail::clone_impl<struct boost::exception_detail::error_info_injector<class std::runtime_error> >
125 [2021.12.23 12:44:21.179814] [err] [worker:1] std::exception::what: params parse failed
126 [2021.12.23 12:44:21.179814] [err] [worker:1] 
127 [2021.12.23 12:44:21.180814] [error] generating error response (code = 500, message = 'The pipe has been ended', request = 0:1:11)
128 [2021.12.23 12:44:22.490161] [err] [worker:1] Uncaught exception: 
129 [2021.12.23 12:44:22.490161] [err] [worker:1] b:\matlab\deployment_server\plugins\protobuf\export\include\mds\plugins\protobuf\fevalserializerimpl_ipp.hpp(101): Throw in function void __cdecl mds::plugins::protobuf::`anonymous-namespace'::parse_input_stream<class mds::plugins::protobuf::MATLAB_Params>(class std::basic_ostream<char,struct std::char_traits<char> > &,class mds::util::protobuf::io::InterruptibleInputStream &,class mds::plugins::protobuf::MATLAB_Params &)
130 [2021.12.23 12:44:22.490161] [err] [worker:1] Dynamic exception type: class boost::exception_detail::clone_impl<struct boost::exception_detail::error_info_injector<class std::runtime_error> >
131 [2021.12.23 12:44:22.490161] [err] [worker:1] std::exception::what: params parse failed
132 [2021.12.23 12:44:22.490161] [err] [worker:1] 
133 [2021.12.23 12:44:22.490161] [err] [worker:1] (exiting)
134 [2021.12.23 12:44:22.599918] [information] [SERVICE:worker] Worker 1 exited unexpectedly with code 4
135 [2021.12.23 12:44:22.599918] [information] [SERVICE:worker] Restarting worker 1
138 [2021.12.23 12:44:22.741339] [out] [worker:2] Worker ready - protocol v2
142 [2021.12.23 12:44:22.741339] [information] [SERVICE:worker] Worker 2 started (replacing worker 1)
143 [2021.12.23 12:44:40.995584] [err] [worker:2] Parse failed:[google::protobuf] ERROR: Can't parse message of type "mds.plugins.protobuf.MATLAB_Params" because it is missing required fields: nargout (file: ..\src\google\protobuf\message_lite.cc:123)
144 [2021.12.23 12:44:40.995584] [err] [worker:2] 
145 [2021.12.23 12:44:40.995584] [err] [worker:2] worker=2, work_id=16777228, content_type=application/x-google-protobuf, work_type=add
146 [2021.12.23 12:44:40.995584] [err] [worker:2] Main: Error while processing async requests: 
147 [2021.12.23 12:44:40.995584] [err] [worker:2] b:\matlab\deployment_server\plugins\protobuf\export\include\mds\plugins\protobuf\fevalserializerimpl_ipp.hpp(101): Throw in function void __cdecl mds::plugins::protobuf::`anonymous-namespace'::parse_input_stream<class mds::plugins::protobuf::MATLAB_Params>(class std::basic_ostream<char,struct std::char_traits<char> > &,class mds::util::protobuf::io::InterruptibleInputStream &,class mds::plugins::protobuf::MATLAB_Params &)
148 [2021.12.23 12:44:40.995584] [err] [worker:2] Dynamic exception type: class boost::exception_detail::clone_impl<struct boost::exception_detail::error_info_injector<class std::runtime_error> >
149 [2021.12.23 12:44:40.995584] [err] [worker:2] std::exception::what: params parse failed
150 [2021.12.23 12:44:40.995584] [err] [worker:2] 
151 [2021.12.23 12:44:40.995584] [error] generating error response (code = 500, message = 'The pipe has been ended', request = 0:1:12)
152 [2021.12.23 12:44:42.234699] [err] [worker:2] Uncaught exception: 
153 [2021.12.23 12:44:42.234699] [err] [worker:2] b:\matlab\deployment_server\plugins\protobuf\export\include\mds\plugins\protobuf\fevalserializerimpl_ipp.hpp(101): Throw in function void __cdecl mds::plugins::protobuf::`anonymous-namespace'::parse_input_stream<class mds::plugins::protobuf::MATLAB_Params>(class std::basic_ostream<char,struct std::char_traits<char> > &,class mds::util::protobuf::io::InterruptibleInputStream &,class mds::plugins::protobuf::MATLAB_Params &)
154 [2021.12.23 12:44:42.234699] [err] [worker:2] Dynamic exception type: class boost::exception_detail::clone_impl<struct boost::exception_detail::error_info_injector<class std::runtime_error> >
155 [2021.12.23 12:44:42.234699] [err] [worker:2] std::exception::what: params parse failed
156 [2021.12.23 12:44:42.234699] [err] [worker:2] 
157 [2021.12.23 12:44:42.234699] [err] [worker:2] (exiting)
158 [2021.12.23 12:44:42.297394] [information] [SERVICE:worker] Worker 2 exited unexpectedly with code 4
159 [2021.12.23 12:44:42.297394] [information] [SERVICE:worker] Restarting worker 2
162 [2021.12.23 12:44:42.453988] [out] [worker:3] Worker ready - protocol v2
166 [2021.12.23 12:44:42.453988] [information] [SERVICE:worker] Worker 3 started (replacing worker 2)
167 [2021.12.23 12:45:39.715650] [err] [worker:3] Parse failed:[google::protobuf] ERROR: Can't parse message of type "mds.plugins.protobuf.MATLAB_Params" because it is missing required fields: nargout (file: ..\src\google\protobuf\message_lite.cc:123)
168 [2021.12.23 12:45:39.715650] [err] [worker:3] 
169 [2021.12.23 12:45:39.715650] [err] [worker:3] worker=3, work_id=16777229, content_type=application/x-google-protobuf, work_type=add
170 [2021.12.23 12:45:39.715650] [err] [worker:3] Main: Error while processing async requests: 
171 [2021.12.23 12:45:39.715650] [err] [worker:3] b:\matlab\deployment_server\plugins\protobuf\export\include\mds\plugins\protobuf\fevalserializerimpl_ipp.hpp(101): Throw in function void __cdecl mds::plugins::protobuf::`anonymous-namespace'::parse_input_stream<class mds::plugins::protobuf::MATLAB_Params>(class std::basic_ostream<char,struct std::char_traits<char> > &,class mds::util::protobuf::io::InterruptibleInputStream &,class mds::plugins::protobuf::MATLAB_Params &)
173 [2021.12.23 12:45:39.715650] [err] [worker:3] Dynamic exception type: class boost::exception_detail::clone_impl<struct boost::exception_detail::error_info_injector<class std::runtime_error> >
174 [2021.12.23 12:45:39.715650] [err] [worker:3] std::exception::what: params parse failed
175 [2021.12.23 12:45:39.715650] [err] [worker:3] 
172 [2021.12.23 12:45:39.715650] [error] generating error response (code = 500, message = 'The pipe has been ended', request = 0:1:13)
176 [2021.12.23 12:45:40.962835] [err] [worker:3] Uncaught exception: 
177 [2021.12.23 12:45:40.962835] [err] [worker:3] b:\matlab\deployment_server\plugins\protobuf\export\include\mds\plugins\protobuf\fevalserializerimpl_ipp.hpp(101): Throw in function void __cdecl mds::plugins::protobuf::`anonymous-namespace'::parse_input_stream<class mds::plugins::protobuf::MATLAB_Params>(class std::basic_ostream<char,struct std::char_traits<char> > &,class mds::util::protobuf::io::InterruptibleInputStream &,class mds::plugins::protobuf::MATLAB_Params &)
178 [2021.12.23 12:45:40.962835] [err] [worker:3] Dynamic exception type: class boost::exception_detail::clone_impl<struct boost::exception_detail::error_info_injector<class std::runtime_error> >
179 [2021.12.23 12:45:40.962835] [err] [worker:3] std::exception::what: params parse failed
180 [2021.12.23 12:45:40.962835] [err] [worker:3] 
181 [2021.12.23 12:45:40.962835] [err] [worker:3] (exiting)
182 [2021.12.23 12:45:41.024877] [information] [SERVICE:worker] Worker 3 exited unexpectedly with code 4
183 [2021.12.23 12:45:41.024877] [information] [SERVICE:worker] Restarting worker 3
186 [2021.12.23 12:45:41.181949] [out] [worker:4] Worker ready - protocol v2
190 [2021.12.23 12:45:41.181949] [information] [SERVICE:worker] Worker 4 started (replacing worker 3)
192 [2021.12.23 12:46:09.264430] [error] [connection_id:2] [service:http-connection] do not continue
194 [2021.12.23 12:46:45.354924] [error] [connection_id:2] [service:http-connection] do not continue
196 [2021.12.23 12:47:05.494502] [error] [connection_id:2] [service:http-connection] do not continue
197 [2021.12.23 12:50:02.266586] [err] [worker:4] (While processing request 16777233)
198 [2021.12.23 12:50:02.267583] [err] [worker:4] message is missing 'nargout' property
200 [2021.12.23 12:51:22.243908] [err] [worker:4] (While processing request 16777234)
202 [2021.12.23 12:51:22.243908] [err] [worker:4] message is missing 'rhs' property
203 [2021.12.23 12:51:45.836904] [err] [worker:4] Not enough input arguments.
204 [2021.12.23 12:51:45.837901] [err] [worker:4] 
205 [2021.12.23 12:51:45.837901] [err] [worker:4] Error in add (line 4)
206 [2021.12.23 12:51:45.837901] [err] [worker:4] 
207 [2021.12.23 12:51:45.837901] [err] [worker:4] 
211 [2021.12.23 12:54:52.009634] [err] [worker:4] Not enough input arguments.
212 [2021.12.23 12:54:52.009634] [err] [worker:4] 
213 [2021.12.23 12:54:52.009634] [err] [worker:4] Error in add (line 4)
214 [2021.12.23 12:54:52.009634] [err] [worker:4] 
215 [2021.12.23 12:54:52.009634] [err] [worker:4] 
216 [2021.12.23 12:55:28.322268] [err] [worker:4] Not enough input arguments.
217 [2021.12.23 12:55:28.322268] [err] [worker:4] 
218 [2021.12.23 12:55:28.322268] [err] [worker:4] Error in add (line 4)
219 [2021.12.23 12:55:28.322268] [err] [worker:4] 
220 [2021.12.23 12:55:28.322268] [err] [worker:4] 
221 [2021.12.23 12:55:54.225477] [err] [worker:4] Not enough input arguments.
222 [2021.12.23 12:55:54.225477] [err] [worker:4] 
223 [2021.12.23 12:55:54.225477] [err] [worker:4] Error in add (line 4)
224 [2021.12.23 12:55:54.225477] [err] [worker:4] 
225 [2021.12.23 12:55:54.225477] [err] [worker:4] 
226 [2021.12.23 12:56:02.126927] [err] [worker:4] (While processing request 16777239)
227 [2021.12.23 12:56:02.126927] [err] [worker:4] Parse of json message: 
228 [2021.12.23 12:56:02.126927] [err] [worker:4] {"nargout":1, "rhs","num1":5, "num2":7}
230 [2021.12.23 12:56:02.126927] [err] [worker:4]                    ^
231 [2021.12.23 12:56:02.126927] [err] [worker:4] failed: No ':' after name while parsing value of type object
232 [2021.12.23 12:56:02.126927] [err] [worker:4] 
233 [2021.12.23 12:56:07.902148] [err] [worker:4] (While processing request 16777240)
234 [2021.12.23 12:56:07.903145] [err] [worker:4] Parse of json message: 
235 [2021.12.23 12:56:07.903145] [err] [worker:4] {"nargout":1, "rhs":,"num1":5, "num2":7}
237 [2021.12.23 12:56:07.903145] [err] [worker:4]                     ^
238 [2021.12.23 12:56:07.903145] [err] [worker:4] failed: Expected leading '"' character while parsing value of type string
239 [2021.12.23 12:56:07.903145] [err] [worker:4] 
240 [2021.12.23 12:56:13.547833] [err] [worker:4] Not enough input arguments.
241 [2021.12.23 12:56:13.547833] [err] [worker:4] 
242 [2021.12.23 12:56:13.547833] [err] [worker:4] Error in add (line 4)
243 [2021.12.23 12:56:13.547833] [err] [worker:4] 
244 [2021.12.23 12:56:13.547833] [err] [worker:4] 
245 [2021.12.23 13:00:20.893651] [err] [worker:4] Not enough input arguments.
246 [2021.12.23 13:00:20.893651] [err] [worker:4] 
247 [2021.12.23 13:00:20.893651] [err] [worker:4] Error in add (line 4)
248 [2021.12.23 13:00:20.893651] [err] [worker:4] 
249 [2021.12.23 13:00:20.893651] [err] [worker:4] 
253 [2021.12.23 13:10:44.833454] [err] [worker:4] Not enough input arguments.
254 [2021.12.23 13:10:44.833454] [err] [worker:4] 
255 [2021.12.23 13:10:44.833454] [err] [worker:4] Error in add (line 4)
256 [2021.12.23 13:10:44.833454] [err] [worker:4] 
257 [2021.12.23 13:10:44.833454] [err] [worker:4] 
258 [2021.12.23 13:10:46.364739] [err] [worker:4] Not enough input arguments.
259 [2021.12.23 13:10:46.364739] [err] [worker:4] 
260 [2021.12.23 13:10:46.364739] [err] [worker:4] Error in add (line 4)
261 [2021.12.23 13:10:46.364739] [err] [worker:4] 
262 [2021.12.23 13:10:46.365737] [err] [worker:4] 
268 [2021.12.23 13:11:59.920529] [error] [connection_id:3] [service:http-connection] URL not found
269 [2021.12.23 13:12:03.220241] [error] [connection_id:3] [service:http-connection] URL not found
273 [2021.12.23 13:23:51.702925] [error] [connection_id:2] [service:http-connection] URL not found
335 [2021.12.23 15:24:56.555918] [err] [worker:4] Matrix dimensions must agree.
336 [2021.12.23 15:24:56.557909] [err] [worker:4] 
337 [2021.12.23 15:24:56.557909] [err] [worker:4] Error in add (line 4)
338 [2021.12.23 15:24:56.557909] [err] [worker:4] 
339 [2021.12.23 15:24:56.557909] [err] [worker:4] 
342 [2021.12.23 15:25:09.872013] [err] [worker:4] Matrix dimensions must agree.
343 [2021.12.23 15:25:09.872013] [err] [worker:4] 
344 [2021.12.23 15:25:09.872013] [err] [worker:4] Error in add (line 4)
345 [2021.12.23 15:25:09.872013] [err] [worker:4] 
346 [2021.12.23 15:25:09.872013] [err] [worker:4] 
349 [2021.12.23 15:25:15.183605] [err] [worker:4] Matrix dimensions must agree.
350 [2021.12.23 15:25:15.183605] [err] [worker:4] 
351 [2021.12.23 15:25:15.183605] [err] [worker:4] Error in add (line 4)
352 [2021.12.23 15:25:15.184603] [err] [worker:4] 
353 [2021.12.23 15:25:15.184603] [err] [worker:4] 
356 [2021.12.23 15:26:42.108877] [err] [worker:4] Matrix dimensions must agree.
357 [2021.12.23 15:26:42.108877] [err] [worker:4] 
358 [2021.12.23 15:26:42.108877] [err] [worker:4] Error in add (line 4)
359 [2021.12.23 15:26:42.108877] [err] [worker:4] 
360 [2021.12.23 15:26:42.108877] [err] [worker:4] 
