1 [2022.01.19 16:15:03.370425] [information] Starting master (pid = 16772)
2 [2022.01.19 16:15:03.370425] [information] Global locale: en_US
3 [2022.01.19 16:15:03.370425] [information] Global encoding: windows-1252
4 [2022.01.19 16:15:03.370425] [information] terminal encoding: IBM437
18 [2022.01.19 16:15:03.467173] [information] [SERVICE:FLEXlm Client] license unavailable
19 [2022.01.19 16:15:03.467173] [information] [SERVICE:FLEXlm Client] temporarily disabling request processing
20 [2022.01.19 16:15:03.467173] [information] [SERVICE:FLEXlm Client] reset current license type to be invalid
34 [2022.01.19 16:15:03.558291] [information] [SERVICE:FLEXlm Client] current license type: "UNKNOWN"
35 [2022.01.19 16:15:03.558291] [information] [SERVICE:FLEXlm Client] current license number: "For EveryOne"
39 [2022.01.19 16:15:03.558291] [information] [SERVICE:FLEXlm Client] license checked out successfully
46 [2022.01.19 16:15:04.249279] [information] [SERVICE:auto-deploy] Added 'Functions' ('G:\Programming Live\Learning\Lectures\Level 4\Image Process\Image Process Project\prod_server_1\auto_deploy\Functions.ctf' -> 'G:\Programming Live\Learning\Lectures\Level 4\Image Process\Image Process Project\prod_server_1\.mps_deployed\Functions_2')
53 [2022.01.19 16:15:04.249279] [information] [SERVICE:FLEXlm Client] connection to license server recovered
54 [2022.01.19 16:15:04.249279] [information] [SERVICE:FLEXlm Client] enable request processing
65 [2022.01.19 16:15:04.264905] [information] [SERVICE:http] [endpoint:[::]:9910] Listening for connections
66 [2022.01.19 16:15:04.359054] [out] [worker:1] Worker ready - protocol v2
70 [2022.01.19 16:15:04.359054] [information] [SERVICE:worker] Worker 1 started
75 [2022.01.19 16:15:04.359054] [information] Master started
96 [2022.01.19 16:16:08.026439] [information] [SERVICE:worker] Waiting for worker 1 to finish pending activity
97 [2022.01.19 16:16:08.026439] [information] [SERVICE:worker] Starting graceful shutdown of worker 1
98 [2022.01.19 16:16:08.026439] [information] [SERVICE:worker] Shutdown request was successfully sent to worker 1; waiting for process to exit...
102 [2022.01.19 16:16:09.269792] [information] [SERVICE:worker] Worker 1 exited with code 0
104 [2022.01.19 16:16:09.269792] [information] [SERVICE:worker] Worker 1 successfully stopped.
114 [2022.01.19 16:16:09.270263] [information] [SERVICE:FLEXlm Client] customer shutdown
118 [2022.01.19 16:16:09.270263] [information] [SERVICE:FLEXlm Client] license unavailable
119 [2022.01.19 16:16:09.270263] [information] [SERVICE:FLEXlm Client] temporarily disabling request processing
120 [2022.01.19 16:16:09.270263] [information] [SERVICE:FLEXlm Client] reset current license type to be invalid
130 [2022.01.19 16:16:09.270465] [information] [SERVICE:FLEXlm Client] licensing shutdown successfully
133 [2022.01.19 16:16:09.270465] [error] [SERVICE:FLEXlm Client] Stop License Manager
136 [2022.01.19 16:16:09.270465] [information] Master stopped
