1 [2022.01.19 16:02:27.059490] [information] Starting master (pid = 10560)
2 [2022.01.19 16:02:27.062492] [information] Global locale: en_US
3 [2022.01.19 16:02:27.062492] [information] Global encoding: windows-1252
4 [2022.01.19 16:02:27.062492] [information] terminal encoding: IBM437
18 [2022.01.19 16:02:27.881290] [information] [SERVICE:FLEXlm Client] license unavailable
19 [2022.01.19 16:02:27.881290] [information] [SERVICE:FLEXlm Client] temporarily disabling request processing
20 [2022.01.19 16:02:27.881290] [information] [SERVICE:FLEXlm Client] reset current license type to be invalid
34 [2022.01.19 16:02:28.270196] [information] [SERVICE:FLEXlm Client] current license type: "UNKNOWN"
35 [2022.01.19 16:02:28.270196] [information] [SERVICE:FLEXlm Client] current license number: "For EveryOne"
39 [2022.01.19 16:02:28.270196] [information] [SERVICE:FLEXlm Client] license checked out successfully
46 [2022.01.19 16:02:29.435648] [information] [SERVICE:auto-deploy] Added 'Functions' ('G:\Programming Live\Learning\Lectures\Level 4\Image Process\Image Process Project\prod_server_1\auto_deploy\Functions.ctf' -> 'G:\Programming Live\Learning\Lectures\Level 4\Image Process\Image Process Project\prod_server_1\.mps_deployed\Functions_2')
53 [2022.01.19 16:02:29.435648] [information] [SERVICE:FLEXlm Client] connection to license server recovered
54 [2022.01.19 16:02:29.435648] [information] [SERVICE:FLEXlm Client] enable request processing
65 [2022.01.19 16:02:29.482935] [information] [SERVICE:http] [endpoint:[::]:9910] Listening for connections
66 [2022.01.19 16:02:30.125484] [out] [worker:1] Worker ready - protocol v2
70 [2022.01.19 16:02:30.125484] [information] [SERVICE:worker] Worker 1 started
75 [2022.01.19 16:02:30.125484] [information] Master started
92 [2022.01.19 16:08:58.968687] [information] [SERVICE:worker] Waiting for worker 1 to finish pending activity
93 [2022.01.19 16:08:58.968687] [information] [SERVICE:worker] Starting graceful shutdown of worker 1
94 [2022.01.19 16:08:58.968687] [information] [SERVICE:worker] Shutdown request was successfully sent to worker 1; waiting for process to exit...
98 [2022.01.19 16:08:58.999965] [information] [SERVICE:worker] Worker 1 exited with code 0
100 [2022.01.19 16:08:58.999965] [information] [SERVICE:worker] Worker 1 successfully stopped.
110 [2022.01.19 16:08:58.999965] [information] [SERVICE:FLEXlm Client] customer shutdown
114 [2022.01.19 16:08:58.999965] [information] [SERVICE:FLEXlm Client] license unavailable
115 [2022.01.19 16:08:58.999965] [information] [SERVICE:FLEXlm Client] temporarily disabling request processing
116 [2022.01.19 16:08:58.999965] [information] [SERVICE:FLEXlm Client] reset current license type to be invalid
126 [2022.01.19 16:08:58.999965] [information] [SERVICE:FLEXlm Client] licensing shutdown successfully
129 [2022.01.19 16:08:58.999965] [error] [SERVICE:FLEXlm Client] Stop License Manager
132 [2022.01.19 16:08:58.999965] [information] Master stopped
