1 [2022.01.19 16:52:26.141464] [information] Starting master (pid = 8064)
2 [2022.01.19 16:52:26.143458] [information] Global locale: en_US
3 [2022.01.19 16:52:26.143458] [information] Global encoding: windows-1252
4 [2022.01.19 16:52:26.143458] [information] terminal encoding: IBM437
18 [2022.01.19 16:52:27.047040] [information] [SERVICE:FLEXlm Client] license unavailable
19 [2022.01.19 16:52:27.047040] [information] [SERVICE:FLEXlm Client] temporarily disabling request processing
20 [2022.01.19 16:52:27.047040] [information] [SERVICE:FLEXlm Client] reset current license type to be invalid
34 [2022.01.19 16:52:27.158742] [information] [SERVICE:FLEXlm Client] current license type: "UNKNOWN"
35 [2022.01.19 16:52:27.158742] [information] [SERVICE:FLEXlm Client] current license number: "For EveryOne"
39 [2022.01.19 16:52:27.158742] [information] [SERVICE:FLEXlm Client] license checked out successfully
46 [2022.01.19 16:52:28.224891] [information] [SERVICE:auto-deploy] Added 'Functions' ('G:\Programming Live\Learning\Lectures\Level 4\Image Process\Image Process Project\prod_server_1\auto_deploy\Functions.ctf' -> 'G:\Programming Live\Learning\Lectures\Level 4\Image Process\Image Process Project\prod_server_1\.mps_deployed\Functions_2')
53 [2022.01.19 16:52:28.225888] [information] [SERVICE:FLEXlm Client] connection to license server recovered
54 [2022.01.19 16:52:28.225888] [information] [SERVICE:FLEXlm Client] enable request processing
65 [2022.01.19 16:52:28.269772] [information] [SERVICE:http] [endpoint:[::]:9910] Listening for connections
66 [2022.01.19 16:52:28.904073] [out] [worker:1] Worker ready - protocol v2
70 [2022.01.19 16:52:28.904073] [information] [SERVICE:worker] Worker 1 started
75 [2022.01.19 16:52:28.905075] [information] Master started
78 [2022.01.19 16:53:28.784114] [information] [SERVICE:auto-deploy] Updated 'Functions' ('G:\Programming Live\Learning\Lectures\Level 4\Image Process\Image Process Project\prod_server_1\auto_deploy\Functions.ctf' -> 'G:\Programming Live\Learning\Lectures\Level 4\Image Process\Image Process Project\prod_server_1\.mps_deployed\Functions_3')
83 [2022.01.19 16:54:03.098253] [err] [worker:1] Error using Dir_Ord_Resize
84 [2022.01.19 16:54:03.099250] [err] [worker:1] Too many input arguments.
85 [2022.01.19 16:54:03.099250] [err] [worker:1] 
88 [2022.01.19 16:54:39.594373] [err] [worker:1] Error using Dir_Ord_Resize
89 [2022.01.19 16:54:39.594373] [err] [worker:1] Too many input arguments.
90 [2022.01.19 16:54:39.594373] [err] [worker:1] 
93 [2022.01.19 16:54:58.107750] [err] [worker:1] Error using Dir_Ord_Resize
94 [2022.01.19 16:54:58.107750] [err] [worker:1] Too many input arguments.
95 [2022.01.19 16:54:58.107750] [err] [worker:1] 
100 [2022.01.19 16:55:29.450519] [err] [worker:1] Error using Dir_Ord_Resize
101 [2022.01.19 16:55:29.450519] [err] [worker:1] Too many input arguments.
102 [2022.01.19 16:55:29.450519] [err] [worker:1] 
120 [2022.01.19 17:08:12.798616] [information] [SERVICE:worker] Waiting for worker 1 to finish pending activity
121 [2022.01.19 17:08:12.798616] [information] [SERVICE:worker] Starting graceful shutdown of worker 1
122 [2022.01.19 17:08:12.798616] [information] [SERVICE:worker] Shutdown request was successfully sent to worker 1; waiting for process to exit...
126 [2022.01.19 17:08:14.035133] [information] [SERVICE:worker] Worker 1 exited with code 0
128 [2022.01.19 17:08:14.035133] [information] [SERVICE:worker] Worker 1 successfully stopped.
138 [2022.01.19 17:08:14.035133] [information] [SERVICE:FLEXlm Client] customer shutdown
142 [2022.01.19 17:08:14.035133] [information] [SERVICE:FLEXlm Client] license unavailable
143 [2022.01.19 17:08:14.035133] [information] [SERVICE:FLEXlm Client] temporarily disabling request processing
144 [2022.01.19 17:08:14.035133] [information] [SERVICE:FLEXlm Client] reset current license type to be invalid
154 [2022.01.19 17:08:14.036347] [information] [SERVICE:FLEXlm Client] licensing shutdown successfully
157 [2022.01.19 17:08:14.036347] [error] [SERVICE:FLEXlm Client] Stop License Manager
160 [2022.01.19 17:08:14.036347] [information] Master stopped
