1 [2021.12.29 18:56:05.894129] [information] Starting master (pid = 6500)
2 [2021.12.29 18:56:05.894129] [information] Global locale: en_US
3 [2021.12.29 18:56:05.894129] [information] Global encoding: windows-1252
4 [2021.12.29 18:56:05.894129] [information] terminal encoding: IBM437
18 [2021.12.29 18:56:06.348821] [information] [SERVICE:FLEXlm Client] license unavailable
19 [2021.12.29 18:56:06.348821] [information] [SERVICE:FLEXlm Client] temporarily disabling request processing
20 [2021.12.29 18:56:06.348821] [information] [SERVICE:FLEXlm Client] reset current license type to be invalid
34 [2021.12.29 18:56:06.442948] [information] [SERVICE:FLEXlm Client] current license type: "UNKNOWN"
35 [2021.12.29 18:56:06.442948] [information] [SERVICE:FLEXlm Client] current license number: "For EveryOne"
39 [2021.12.29 18:56:06.442948] [information] [SERVICE:FLEXlm Client] license checked out successfully
46 [2021.12.29 18:56:07.195697] [information] [SERVICE:auto-deploy] Added 'addTwoImages' ('C:\Users\ahmed\OneDrive\Desktop\prod_server_1\auto_deploy\addTwoImages.ctf' -> 'C:\Users\ahmed\OneDrive\Desktop\prod_server_1\.mps_deployed\addTwoImages_2')
49 [2021.12.29 18:56:07.305450] [information] [SERVICE:auto-deploy] Added 'addTwoNum' ('C:\Users\ahmed\OneDrive\Desktop\prod_server_1\auto_deploy\addTwoNum.ctf' -> 'C:\Users\ahmed\OneDrive\Desktop\prod_server_1\.mps_deployed\addTwoNum_3')
56 [2021.12.29 18:56:07.305450] [information] [SERVICE:FLEXlm Client] connection to license server recovered
57 [2021.12.29 18:56:07.305450] [information] [SERVICE:FLEXlm Client] enable request processing
68 [2021.12.29 18:56:07.336694] [information] [SERVICE:http] [endpoint:[::]:9910] Listening for connections
69 [2021.12.29 18:56:08.058128] [out] [worker:1] Worker ready - protocol v2
73 [2021.12.29 18:56:08.058128] [information] [SERVICE:worker] Worker 1 started
78 [2021.12.29 18:56:08.058128] [information] Master started
110 [2021.12.29 20:15:50.257810] [information] [SERVICE:auto-deploy] Added 'functions' ('C:\Users\ahmed\OneDrive\Desktop\prod_server_1\auto_deploy\functions.ctf' -> 'C:\Users\ahmed\OneDrive\Desktop\prod_server_1\.mps_deployed\functions_4')
120 [2021.12.29 20:22:21.805561] [err] [worker:1] Error using pngreadc
121 [2021.12.29 20:22:21.805561] [err] [worker:1] PNG library failed: Not a PNG file.
122 [2021.12.29 20:22:21.805561] [err] [worker:1] 
123 [2021.12.29 20:22:21.805561] [err] [worker:1] Error in readpng (line 35)
124 [2021.12.29 20:22:21.805561] [err] [worker:1] 
125 [2021.12.29 20:22:21.806380] [err] [worker:1] 
126 [2021.12.29 20:22:21.806380] [err] [worker:1] Error in imread
127 [2021.12.29 20:22:21.806460] [err] [worker:1] 
128 [2021.12.29 20:22:21.806460] [err] [worker:1] 
129 [2021.12.29 20:22:21.806460] [err] [worker:1] Error in imdecode (line 21)
130 [2021.12.29 20:22:21.806544] [err] [worker:1] 
131 [2021.12.29 20:22:21.806544] [err] [worker:1] 
132 [2021.12.29 20:22:21.806544] [err] [worker:1] Error in addTwoImages (line 4)
133 [2021.12.29 20:22:21.806544] [err] [worker:1] 
134 [2021.12.29 20:22:21.806544] [err] [worker:1] 
140 [2021.12.29 20:35:40.634039] [err] [worker:1] Error using pngreadc
141 [2021.12.29 20:35:40.634039] [err] [worker:1] PNG library failed: Not a PNG file.
142 [2021.12.29 20:35:40.634039] [err] [worker:1] 
143 [2021.12.29 20:35:40.634039] [err] [worker:1] Error in readpng (line 35)
144 [2021.12.29 20:35:40.634039] [err] [worker:1] 
145 [2021.12.29 20:35:40.634039] [err] [worker:1] 
146 [2021.12.29 20:35:40.634039] [err] [worker:1] Error in imread
147 [2021.12.29 20:35:40.634039] [err] [worker:1] 
148 [2021.12.29 20:35:40.634039] [err] [worker:1] 
149 [2021.12.29 20:35:40.634039] [err] [worker:1] Error in imdecode (line 21)
150 [2021.12.29 20:35:40.634039] [err] [worker:1] 
151 [2021.12.29 20:35:40.634039] [err] [worker:1] 
152 [2021.12.29 20:35:40.634039] [err] [worker:1] Error in addTwoImages (line 4)
153 [2021.12.29 20:35:40.634039] [err] [worker:1] 
154 [2021.12.29 20:35:40.634039] [err] [worker:1] 
157 [2021.12.29 20:35:51.931928] [err] [worker:1] Error using pngreadc
158 [2021.12.29 20:35:51.931928] [err] [worker:1] PNG library failed: Not a PNG file.
159 [2021.12.29 20:35:51.931928] [err] [worker:1] 
160 [2021.12.29 20:35:51.931928] [err] [worker:1] Error in readpng (line 35)
161 [2021.12.29 20:35:51.931928] [err] [worker:1] 
162 [2021.12.29 20:35:51.931928] [err] [worker:1] 
163 [2021.12.29 20:35:51.931928] [err] [worker:1] Error in imread
164 [2021.12.29 20:35:51.931928] [err] [worker:1] 
165 [2021.12.29 20:35:51.931928] [err] [worker:1] 
166 [2021.12.29 20:35:51.931928] [err] [worker:1] Error in imdecode (line 21)
167 [2021.12.29 20:35:51.931928] [err] [worker:1] 
168 [2021.12.29 20:35:51.931928] [err] [worker:1] 
169 [2021.12.29 20:35:51.931928] [err] [worker:1] Error in addTwoImages (line 4)
170 [2021.12.29 20:35:51.931928] [err] [worker:1] 
171 [2021.12.29 20:35:51.931928] [err] [worker:1] 
177 [2021.12.29 20:37:23.674675] [err] [worker:1] Error using pngreadc
178 [2021.12.29 20:37:23.674675] [err] [worker:1] PNG library failed: Not a PNG file.
179 [2021.12.29 20:37:23.674675] [err] [worker:1] 
180 [2021.12.29 20:37:23.674675] [err] [worker:1] Error in readpng (line 35)
181 [2021.12.29 20:37:23.674675] [err] [worker:1] 
182 [2021.12.29 20:37:23.674675] [err] [worker:1] 
183 [2021.12.29 20:37:23.674675] [err] [worker:1] Error in imread
184 [2021.12.29 20:37:23.674675] [err] [worker:1] 
185 [2021.12.29 20:37:23.674675] [err] [worker:1] 
186 [2021.12.29 20:37:23.674675] [err] [worker:1] Error in imdecode (line 21)
187 [2021.12.29 20:37:23.674675] [err] [worker:1] 
188 [2021.12.29 20:37:23.674675] [err] [worker:1] 
189 [2021.12.29 20:37:23.674675] [err] [worker:1] Error in addTwoImages (line 4)
190 [2021.12.29 20:37:23.674675] [err] [worker:1] 
191 [2021.12.29 20:37:23.674675] [err] [worker:1] 
194 [2021.12.29 20:38:26.917973] [err] [worker:1] Error using pngreadc
195 [2021.12.29 20:38:26.917973] [err] [worker:1] PNG library failed: Not a PNG file.
196 [2021.12.29 20:38:26.917973] [err] [worker:1] 
197 [2021.12.29 20:38:26.917973] [err] [worker:1] Error in readpng (line 35)
198 [2021.12.29 20:38:26.917973] [err] [worker:1] 
199 [2021.12.29 20:38:26.917973] [err] [worker:1] 
200 [2021.12.29 20:38:26.917973] [err] [worker:1] Error in imread
201 [2021.12.29 20:38:26.917973] [err] [worker:1] 
202 [2021.12.29 20:38:26.917973] [err] [worker:1] 
203 [2021.12.29 20:38:26.917973] [err] [worker:1] Error in imdecode (line 21)
204 [2021.12.29 20:38:26.917973] [err] [worker:1] 
205 [2021.12.29 20:38:26.917973] [err] [worker:1] 
206 [2021.12.29 20:38:26.917973] [err] [worker:1] Error in addTwoImages (line 4)
207 [2021.12.29 20:38:26.917973] [err] [worker:1] 
208 [2021.12.29 20:38:26.917973] [err] [worker:1] 
211 [2021.12.29 20:41:19.802551] [err] [worker:1] Error using pngreadc
212 [2021.12.29 20:41:19.802551] [err] [worker:1] PNG library failed: Not a PNG file.
213 [2021.12.29 20:41:19.802551] [err] [worker:1] 
214 [2021.12.29 20:41:19.802551] [err] [worker:1] Error in readpng (line 35)
215 [2021.12.29 20:41:19.802551] [err] [worker:1] 
216 [2021.12.29 20:41:19.802551] [err] [worker:1] 
217 [2021.12.29 20:41:19.802551] [err] [worker:1] Error in imread
218 [2021.12.29 20:41:19.802551] [err] [worker:1] 
219 [2021.12.29 20:41:19.802551] [err] [worker:1] 
220 [2021.12.29 20:41:19.802551] [err] [worker:1] Error in imdecode (line 21)
221 [2021.12.29 20:41:19.802551] [err] [worker:1] 
222 [2021.12.29 20:41:19.802551] [err] [worker:1] 
223 [2021.12.29 20:41:19.802551] [err] [worker:1] Error in addTwoImages (line 4)
224 [2021.12.29 20:41:19.802551] [err] [worker:1] 
225 [2021.12.29 20:41:19.802551] [err] [worker:1] 
228 [2021.12.29 20:41:32.170204] [err] [worker:1] Error using pngreadc
229 [2021.12.29 20:41:32.170204] [err] [worker:1] PNG library failed: Not a PNG file.
230 [2021.12.29 20:41:32.170204] [err] [worker:1] 
231 [2021.12.29 20:41:32.170204] [err] [worker:1] Error in readpng (line 35)
232 [2021.12.29 20:41:32.170204] [err] [worker:1] 
233 [2021.12.29 20:41:32.170204] [err] [worker:1] 
234 [2021.12.29 20:41:32.170204] [err] [worker:1] Error in imread
235 [2021.12.29 20:41:32.170204] [err] [worker:1] 
236 [2021.12.29 20:41:32.170204] [err] [worker:1] 
237 [2021.12.29 20:41:32.170204] [err] [worker:1] Error in imdecode (line 21)
238 [2021.12.29 20:41:32.170204] [err] [worker:1] 
239 [2021.12.29 20:41:32.170204] [err] [worker:1] 
240 [2021.12.29 20:41:32.170204] [err] [worker:1] Error in addTwoImages (line 4)
241 [2021.12.29 20:41:32.170204] [err] [worker:1] 
242 [2021.12.29 20:41:32.170204] [err] [worker:1] 
