1 [2021.12.22 22:33:07.304212] [information] Starting master (pid = 11956)
2 [2021.12.22 22:33:07.304212] [information] Global locale: en_US
3 [2021.12.22 22:33:07.304212] [information] Global encoding: windows-1252
4 [2021.12.22 22:33:07.304212] [information] terminal encoding: IBM437
17 [2021.12.22 22:33:07.743617] [information] [SERVICE:FLEXlm Client] license unavailable
19 [2021.12.22 22:33:07.743617] [information] [SERVICE:FLEXlm Client] temporarily disabling request processing
20 [2021.12.22 22:33:07.743617] [information] [SERVICE:FLEXlm Client] reset current license type to be invalid
34 [2021.12.22 22:33:07.806273] [information] [SERVICE:FLEXlm Client] current license type: "UNKNOWN"
35 [2021.12.22 22:33:07.806273] [information] [SERVICE:FLEXlm Client] current license number: "For EveryOne"
39 [2021.12.22 22:33:07.806273] [information] [SERVICE:FLEXlm Client] license checked out successfully
46 [2021.12.22 22:33:08.512286] [information] [SERVICE:auto-deploy] Added 'BondTools' ('G:\Programming Live\Learning\Lectures\Level 4\Image Process\Lab assginment\BondTools\for_redistribution\prod_server_1\auto_deploy\BondTools.ctf' -> 'G:\Programming Live\Learning\Lectures\Level 4\Image Process\Lab assginment\BondTools\for_redistribution\prod_server_1\.mps_deployed\BondTools_2')
53 [2021.12.22 22:33:08.512286] [information] [SERVICE:FLEXlm Client] connection to license server recovered
54 [2021.12.22 22:33:08.512286] [information] [SERVICE:FLEXlm Client] enable request processing
65 [2021.12.22 22:33:08.543529] [information] [SERVICE:http] [endpoint:[::]:9910] Listening for connections
66 [2021.12.22 22:33:09.107837] [out] [worker:1] Worker ready - protocol v2
70 [2021.12.22 22:33:09.107837] [information] [SERVICE:worker] Worker 1 started
75 [2021.12.22 22:33:09.107837] [information] Master started
132 [2021.12.22 22:53:07.819020] [information] [SERVICE:FLEXlm Client] heartbeat recovered
139 [2021.12.22 22:54:53.094313] [error] [connection_id:3] [service:http-connection] URL not found
140 [2021.12.22 22:54:56.236973] [error] [connection_id:3] [service:http-connection] URL not found
141 [2021.12.22 22:55:00.955965] [error] [connection_id:3] [service:http-connection] URL not found
155 [2021.12.22 22:56:26.340345] [error] [connection_id:5] [service:http-connection] do not continue
156 [2021.12.22 23:01:06.444723] [information] [SERVICE:auto-deploy] Added 'addTwoNum' ('G:\Programming Live\Learning\Lectures\Level 4\Image Process\Lab assginment\BondTools\for_redistribution\prod_server_1\auto_deploy\addTwoNum.ctf' -> 'G:\Programming Live\Learning\Lectures\Level 4\Image Process\Lab assginment\BondTools\for_redistribution\prod_server_1\.mps_deployed\addTwoNum_3')
160 [2021.12.22 23:01:55.195973] [error] [connection_id:5] [service:http-connection] do not continue
162 [2021.12.22 23:02:04.734282] [error] [connection_id:5] [service:http-connection] do not continue
164 [2021.12.22 23:02:35.557721] [error] [connection_id:5] [service:http-connection] do not continue
166 [2021.12.22 23:02:36.812190] [error] [connection_id:5] [service:http-connection] do not continue
173 [2021.12.22 23:03:09.472238] [error] [connection_id:5] [service:http-connection] do not continue
175 [2021.12.22 23:03:34.808294] [error] [connection_id:5] [service:http-connection] do not continue
177 [2021.12.22 23:03:35.796115] [error] [connection_id:5] [service:http-connection] do not continue
178 [2021.12.22 23:03:36.626852] [information] [SERVICE:auto-deploy] Removed 'BondTools'
179 [2021.12.22 23:03:46.770580] [information] [SERVICE:auto-deploy] Added 'BondTools' ('G:\Programming Live\Learning\Lectures\Level 4\Image Process\Lab assginment\BondTools\for_redistribution\prod_server_1\auto_deploy\BondTools.ctf' -> 'G:\Programming Live\Learning\Lectures\Level 4\Image Process\Lab assginment\BondTools\for_redistribution\prod_server_1\.mps_deployed\BondTools_4')
183 [2021.12.22 23:03:51.276164] [error] [connection_id:5] [service:http-connection] do not continue
185 [2021.12.22 23:03:52.427978] [error] [connection_id:5] [service:http-connection] do not continue
187 [2021.12.22 23:03:59.088275] [error] [connection_id:5] [service:http-connection] do not continue
189 [2021.12.22 23:04:13.710560] [error] [connection_id:5] [service:http-connection] do not continue
